2018-10-22 17:07:18 [scrapy.utils.log] INFO: Scrapy 1.5.1 started (bot: qiubai)
2018-10-22 17:07:18 [scrapy.utils.log] INFO: Versions: lxml 4.2.5.0, libxml2 2.9.7, cssselect 1.0.3, parsel 1.5.0, w3lib 1.19.0, Twisted 18.9.0, Python 3.6.3 |Anaconda, Inc.| (default, Oct 15 2017, 03:27:45) [MSC v.1900 64 bit (AMD64)], pyOpenSSL 17.2.0 (OpenSSL 1.0.2l  25 May 2017), cryptography 2.0.3, Platform Windows-10-10.0.17134-SP0
2018-10-22 17:07:18 [scrapy.crawler] INFO: Overridden settings: {'BOT_NAME': 'qiubai', 'LOG_ENABLED': False, 'LOG_FILE': 'qsbk.log', 'NEWSPIDER_MODULE': 'qiubai.spiders', 'SPIDER_MODULES': ['qiubai.spiders'], 'USER_AGENT': 'Mozilla/5.0 (Windows NT 10.0; WOW64) AppleWebKit/537.36 (KHTML, like Gecko) Chrome/66.0.3359.181 Safari/537.36'}
2018-10-22 17:07:18 [scrapy.middleware] INFO: Enabled extensions:
['scrapy.extensions.corestats.CoreStats',
 'scrapy.extensions.telnet.TelnetConsole',
 'scrapy.extensions.logstats.LogStats']
2018-10-22 17:07:19 [scrapy.middleware] INFO: Enabled downloader middlewares:
['scrapy.downloadermiddlewares.httpauth.HttpAuthMiddleware',
 'scrapy.downloadermiddlewares.downloadtimeout.DownloadTimeoutMiddleware',
 'scrapy.downloadermiddlewares.defaultheaders.DefaultHeadersMiddleware',
 'scrapy.downloadermiddlewares.useragent.UserAgentMiddleware',
 'scrapy.downloadermiddlewares.retry.RetryMiddleware',
 'scrapy.downloadermiddlewares.redirect.MetaRefreshMiddleware',
 'scrapy.downloadermiddlewares.httpcompression.HttpCompressionMiddleware',
 'scrapy.downloadermiddlewares.redirect.RedirectMiddleware',
 'scrapy.downloadermiddlewares.cookies.CookiesMiddleware',
 'scrapy.downloadermiddlewares.httpproxy.HttpProxyMiddleware',
 'scrapy.downloadermiddlewares.stats.DownloaderStats']
2018-10-22 17:07:19 [scrapy.middleware] INFO: Enabled spider middlewares:
['scrapy.spidermiddlewares.httperror.HttpErrorMiddleware',
 'scrapy.spidermiddlewares.offsite.OffsiteMiddleware',
 'scrapy.spidermiddlewares.referer.RefererMiddleware',
 'scrapy.spidermiddlewares.urllength.UrlLengthMiddleware',
 'scrapy.spidermiddlewares.depth.DepthMiddleware']
2018-10-22 17:07:19 [twisted] CRITICAL: Unhandled error in Deferred:
2018-10-22 17:07:19 [twisted] CRITICAL: 
Traceback (most recent call last):
  File "d:\anaconda\lib\site-packages\twisted\internet\defer.py", line 1418, in _inlineCallbacks
    result = g.send(result)
  File "d:\anaconda\lib\site-packages\scrapy\crawler.py", line 80, in crawl
    self.engine = self._create_engine()
  File "d:\anaconda\lib\site-packages\scrapy\crawler.py", line 105, in _create_engine
    return ExecutionEngine(self, lambda _: self.stop())
  File "d:\anaconda\lib\site-packages\scrapy\core\engine.py", line 70, in __init__
    self.scraper = Scraper(crawler)
  File "d:\anaconda\lib\site-packages\scrapy\core\scraper.py", line 71, in __init__
    self.itemproc = itemproc_cls.from_crawler(crawler)
  File "d:\anaconda\lib\site-packages\scrapy\middleware.py", line 58, in from_crawler
    return cls.from_settings(crawler.settings, crawler)
  File "d:\anaconda\lib\site-packages\scrapy\middleware.py", line 34, in from_settings
    mwcls = load_object(clspath)
  File "d:\anaconda\lib\site-packages\scrapy\utils\misc.py", line 44, in load_object
    mod = import_module(module)
  File "d:\anaconda\lib\importlib\__init__.py", line 126, in import_module
    return _bootstrap._gcd_import(name[level:], package, level)
  File "<frozen importlib._bootstrap>", line 994, in _gcd_import
  File "<frozen importlib._bootstrap>", line 971, in _find_and_load
  File "<frozen importlib._bootstrap>", line 941, in _find_and_load_unlocked
  File "<frozen importlib._bootstrap>", line 219, in _call_with_frames_removed
  File "<frozen importlib._bootstrap>", line 994, in _gcd_import
  File "<frozen importlib._bootstrap>", line 971, in _find_and_load
  File "<frozen importlib._bootstrap>", line 953, in _find_and_load_unlocked
ModuleNotFoundError: No module named 'qiubaiproject'
